<?xml version="1.0" encoding="UTF-8"?>
<!-- Generated by org.testng.reporters.JUnitReportReporter -->
<testsuite hostname="Evgenys-MacBook-Pro.local" name="com.chirkovevgeny.curbside.challenge.MainTest" tests="1" failures="0" timestamp="18 Nov 2015 23:43:55 GMT" time="21.061" errors="0">
  <testcase name="runApp" time="21.061" classname="com.chirkovevgeny.curbside.challenge.MainTest"/>
</testsuite> <!-- com.chirkovevgeny.curbside.challenge.MainTest -->
